2024-08-19 10:15:40.6712|0|DEBUG|SwiftMT799Api.Program|init main |url: |action: 
2024-08-19 10:15:40.8402|11|ERROR|Microsoft.Extensions.Hosting.Internal.Host|Hosting failed to start System.IO.IOException: Failed to bind to address http://127.0.0.1:5284: address already in use.
 ---> Microsoft.AspNetCore.Connections.AddressInUseException: Address already in use
 ---> System.Net.Sockets.SocketException (48): Address already in use
   at System.Net.Sockets.Socket.DoBind(EndPoint endPointSnapshot, SocketAddress socketAddress)
   at System.Net.Sockets.Socket.Bind(EndPoint localEP)
   at Microsoft.AspNetCore.Server.Kestrel.Transport.Sockets.SocketTransportOptions.CreateDefaultBoundListenSocket(EndPoint endpoint)
   at Microsoft.AspNetCore.Server.Kestrel.Transport.Sockets.SocketConnectionListener.Bind()
   --- End of inner exception stack trace ---
   at Microsoft.AspNetCore.Server.Kestrel.Transport.Sockets.SocketConnectionListener.Bind()
   at Microsoft.AspNetCore.Server.Kestrel.Transport.Sockets.SocketTransportFactory.BindAsync(EndPoint endpoint, CancellationToken cancellationToken)
   at Microsoft.AspNetCore.Server.Kestrel.Core.Internal.Infrastructure.TransportManager.BindAsync(EndPoint endPoint, ConnectionDelegate connectionDelegate, EndpointConfig endpointConfig, CancellationToken cancellationToken)
   at Microsoft.AspNetCore.Server.Kestrel.Core.KestrelServerImpl.<>c__DisplayClass28_0`1.<<StartAsync>g__OnBind|0>d.MoveNext()
--- End of stack trace from previous location ---
   at Microsoft.AspNetCore.Server.Kestrel.Core.Internal.AddressBinder.BindEndpointAsync(ListenOptions endpoint, AddressBindContext context, CancellationToken cancellationToken)
   --- End of inner exception stack trace ---
   at Microsoft.AspNetCore.Server.Kestrel.Core.Internal.AddressBinder.BindEndpointAsync(ListenOptions endpoint, AddressBindContext context, CancellationToken cancellationToken)
   at Microsoft.AspNetCore.Server.Kestrel.Core.LocalhostListenOptions.BindAsync(AddressBindContext context, CancellationToken cancellationToken)
   at Microsoft.AspNetCore.Server.Kestrel.Core.Internal.AddressBinder.AddressesStrategy.BindAsync(AddressBindContext context, CancellationToken cancellationToken)
   at Microsoft.AspNetCore.Server.Kestrel.Core.Internal.AddressBinder.BindAsync(ListenOptions[] listenOptions, AddressBindContext context, Func`2 useHttps, CancellationToken cancellationToken)
   at Microsoft.AspNetCore.Server.Kestrel.Core.KestrelServerImpl.BindAsync(CancellationToken cancellationToken)
   at Microsoft.AspNetCore.Server.Kestrel.Core.KestrelServerImpl.StartAsync[TContext](IHttpApplication`1 application, CancellationToken cancellationToken)
   at Microsoft.AspNetCore.Hosting.GenericWebHostService.StartAsync(CancellationToken cancellationToken)
   at Microsoft.Extensions.Hosting.Internal.Host.<StartAsync>b__15_1(IHostedService service, CancellationToken token)
   at Microsoft.Extensions.Hosting.Internal.Host.ForeachService[T](IEnumerable`1 services, CancellationToken token, Boolean concurrent, Boolean abortOnFirstException, List`1 exceptions, Func`3 operation)|url: |action: 
2024-08-19 10:15:40.8470|0|ERROR|SwiftMT799Api.Program|Stopped program because of exception System.IO.IOException: Failed to bind to address http://127.0.0.1:5284: address already in use.
 ---> Microsoft.AspNetCore.Connections.AddressInUseException: Address already in use
 ---> System.Net.Sockets.SocketException (48): Address already in use
   at System.Net.Sockets.Socket.DoBind(EndPoint endPointSnapshot, SocketAddress socketAddress)
   at System.Net.Sockets.Socket.Bind(EndPoint localEP)
   at Microsoft.AspNetCore.Server.Kestrel.Transport.Sockets.SocketTransportOptions.CreateDefaultBoundListenSocket(EndPoint endpoint)
   at Microsoft.AspNetCore.Server.Kestrel.Transport.Sockets.SocketConnectionListener.Bind()
   --- End of inner exception stack trace ---
   at Microsoft.AspNetCore.Server.Kestrel.Transport.Sockets.SocketConnectionListener.Bind()
   at Microsoft.AspNetCore.Server.Kestrel.Transport.Sockets.SocketTransportFactory.BindAsync(EndPoint endpoint, CancellationToken cancellationToken)
   at Microsoft.AspNetCore.Server.Kestrel.Core.Internal.Infrastructure.TransportManager.BindAsync(EndPoint endPoint, ConnectionDelegate connectionDelegate, EndpointConfig endpointConfig, CancellationToken cancellationToken)
   at Microsoft.AspNetCore.Server.Kestrel.Core.KestrelServerImpl.<>c__DisplayClass28_0`1.<<StartAsync>g__OnBind|0>d.MoveNext()
--- End of stack trace from previous location ---
   at Microsoft.AspNetCore.Server.Kestrel.Core.Internal.AddressBinder.BindEndpointAsync(ListenOptions endpoint, AddressBindContext context, CancellationToken cancellationToken)
   --- End of inner exception stack trace ---
   at Microsoft.AspNetCore.Server.Kestrel.Core.Internal.AddressBinder.BindEndpointAsync(ListenOptions endpoint, AddressBindContext context, CancellationToken cancellationToken)
   at Microsoft.AspNetCore.Server.Kestrel.Core.LocalhostListenOptions.BindAsync(AddressBindContext context, CancellationToken cancellationToken)
   at Microsoft.AspNetCore.Server.Kestrel.Core.Internal.AddressBinder.AddressesStrategy.BindAsync(AddressBindContext context, CancellationToken cancellationToken)
   at Microsoft.AspNetCore.Server.Kestrel.Core.Internal.AddressBinder.BindAsync(ListenOptions[] listenOptions, AddressBindContext context, Func`2 useHttps, CancellationToken cancellationToken)
   at Microsoft.AspNetCore.Server.Kestrel.Core.KestrelServerImpl.BindAsync(CancellationToken cancellationToken)
   at Microsoft.AspNetCore.Server.Kestrel.Core.KestrelServerImpl.StartAsync[TContext](IHttpApplication`1 application, CancellationToken cancellationToken)
   at Microsoft.AspNetCore.Hosting.GenericWebHostService.StartAsync(CancellationToken cancellationToken)
   at Microsoft.Extensions.Hosting.Internal.Host.<StartAsync>b__15_1(IHostedService service, CancellationToken token)
   at Microsoft.Extensions.Hosting.Internal.Host.ForeachService[T](IEnumerable`1 services, CancellationToken token, Boolean concurrent, Boolean abortOnFirstException, List`1 exceptions, Func`3 operation)
   at Microsoft.Extensions.Hosting.Internal.Host.StartAsync(CancellationToken cancellationToken)
   at Microsoft.Extensions.Hosting.HostingAbstractionsHostExtensions.RunAsync(IHost host, CancellationToken token)
   at Microsoft.Extensions.Hosting.HostingAbstractionsHostExtensions.RunAsync(IHost host, CancellationToken token)
   at Microsoft.Extensions.Hosting.HostingAbstractionsHostExtensions.Run(IHost host)
   at Program.<Main>$(String[] args) in /Users/elizaognyanova/SwiftMT799Api/Program.cs:line 43|url: |action: 
2024-08-19 10:16:04.3574|0|DEBUG|SwiftMT799Api.Program|init main |url: |action: 
2024-08-19 10:16:04.4682|14|INFO|Microsoft.Hosting.Lifetime|Now listening on: http://localhost:5284 |url: |action: 
2024-08-19 10:16:04.4710|0|INFO|Microsoft.Hosting.Lifetime|Application started. Press Ctrl+C to shut down. |url: |action: 
2024-08-19 10:16:04.4710|0|INFO|Microsoft.Hosting.Lifetime|Hosting environment: Development |url: |action: 
2024-08-19 10:16:04.4710|0|INFO|Microsoft.Hosting.Lifetime|Content root path: /Users/elizaognyanova/SwiftMT799Api |url: |action: 
2024-08-19 10:16:13.0406|3|WARN|Microsoft.AspNetCore.HttpsPolicy.HttpsRedirectionMiddleware|Failed to determine the https port for redirect. |url: http://localhost/api/SwiftMessage|action: UploadSwiftFile
2024-08-19 10:16:13.0920|0|INFO|SwiftMT799Api.Controllers.SwiftMessageController|UploadSwiftFile called |url: http://localhost/api/SwiftMessage|action: UploadSwiftFile
2024-08-19 10:16:13.0920|0|INFO|SwiftMT799Api.Controllers.SwiftMessageController|File content read successfully. |url: http://localhost/api/SwiftMessage|action: UploadSwiftFile
2024-08-19 10:16:13.0920|0|INFO|SwiftMT799Api.Controllers.SwiftMessageController|Parsing Swift MT799 message. |url: http://localhost/api/SwiftMessage|action: UploadSwiftFile
2024-08-19 10:16:13.0920|0|INFO|SwiftMT799Api.Controllers.SwiftMessageController|Parsing completed. |url: http://localhost/api/SwiftMessage|action: UploadSwiftFile
2024-08-19 10:16:13.0920|0|INFO|SwiftMT799Api.Controllers.SwiftMessageController|Field Reference: 67-C111111-KNTRL |url: http://localhost/api/SwiftMessage|action: UploadSwiftFile
2024-08-19 10:16:13.0920|0|INFO|SwiftMT799Api.Controllers.SwiftMessageController|Field RelatedReference: 30-111-1111111 |url: http://localhost/api/SwiftMessage|action: UploadSwiftFile
2024-08-19 10:16:13.0920|0|INFO|SwiftMT799Api.Controllers.SwiftMessageController|Field Narrative: NA VNIMANIETO NA: OTDEL BANKOVI GARANTSII |url: http://localhost/api/SwiftMessage|action: UploadSwiftFile
2024-08-19 10:16:13.1036|0|INFO|SwiftMT799Api.Controllers.SwiftMessageController|Saving data to database. |url: http://localhost/api/SwiftMessage|action: UploadSwiftFile
2024-08-19 10:16:13.1036|0|INFO|SwiftMT799Api.Controllers.SwiftMessageController|SQLite Database Path: /Users/elizaognyanova/SwiftMT799Api/bin/Debug/net8.0/swift_messages.db |url: http://localhost/api/SwiftMessage|action: UploadSwiftFile
2024-08-19 10:16:13.1167|0|INFO|SwiftMT799Api.Controllers.SwiftMessageController|Database connection opened successfully. |url: http://localhost/api/SwiftMessage|action: UploadSwiftFile
2024-08-19 10:16:13.1210|0|INFO|SwiftMT799Api.Controllers.SwiftMessageController|Table created or already exists. |url: http://localhost/api/SwiftMessage|action: UploadSwiftFile
2024-08-19 10:16:13.1233|0|INFO|SwiftMT799Api.Controllers.SwiftMessageController|Data saved to database successfully. |url: http://localhost/api/SwiftMessage|action: UploadSwiftFile
2024-08-19 10:16:13.1238|0|INFO|SwiftMT799Api.Controllers.SwiftMessageController|File processed and data saved successfully. |url: http://localhost/api/SwiftMessage|action: UploadSwiftFile
